[framework] 2016-08-26 14:18:01,684 - org.mybatis.generator.internal.db.DatabaseIntrospector -0    [main] DEBUG org.mybatis.generator.internal.db.DatabaseIntrospector  - Retrieving column information for table "admin_operator_log"
[framework] 2016-08-26 14:18:01,709 - org.mybatis.generator.internal.db.DatabaseIntrospector -25   [main] DEBUG org.mybatis.generator.internal.db.DatabaseIntrospector  - Found column "id", data type -5, in table "xiakehou..admin_operator_log"
[framework] 2016-08-26 14:18:01,709 - org.mybatis.generator.internal.db.DatabaseIntrospector -25   [main] DEBUG org.mybatis.generator.internal.db.DatabaseIntrospector  - Found column "operator_type", data type -6, in table "xiakehou..admin_operator_log"
[framework] 2016-08-26 14:18:01,710 - org.mybatis.generator.internal.db.DatabaseIntrospector -26   [main] DEBUG org.mybatis.generator.internal.db.DatabaseIntrospector  - Found column "be_operator_id", data type -5, in table "xiakehou..admin_operator_log"
[framework] 2016-08-26 14:18:01,710 - org.mybatis.generator.internal.db.DatabaseIntrospector -26   [main] DEBUG org.mybatis.generator.internal.db.DatabaseIntrospector  - Found column "operat_content", data type 12, in table "xiakehou..admin_operator_log"
[framework] 2016-08-26 14:18:01,711 - org.mybatis.generator.internal.db.DatabaseIntrospector -27   [main] DEBUG org.mybatis.generator.internal.db.DatabaseIntrospector  - Found column "remark", data type 12, in table "xiakehou..admin_operator_log"
[framework] 2016-08-26 14:18:01,711 - org.mybatis.generator.internal.db.DatabaseIntrospector -27   [main] DEBUG org.mybatis.generator.internal.db.DatabaseIntrospector  - Found column "var1", data type 12, in table "xiakehou..admin_operator_log"
[framework] 2016-08-26 14:18:01,711 - org.mybatis.generator.internal.db.DatabaseIntrospector -27   [main] DEBUG org.mybatis.generator.internal.db.DatabaseIntrospector  - Found column "var2", data type 12, in table "xiakehou..admin_operator_log"
[framework] 2016-08-26 14:18:01,712 - org.mybatis.generator.internal.db.DatabaseIntrospector -28   [main] DEBUG org.mybatis.generator.internal.db.DatabaseIntrospector  - Found column "operator_id", data type -5, in table "xiakehou..admin_operator_log"
[framework] 2016-08-26 14:18:01,712 - org.mybatis.generator.internal.db.DatabaseIntrospector -28   [main] DEBUG org.mybatis.generator.internal.db.DatabaseIntrospector  - Found column "operator", data type 12, in table "xiakehou..admin_operator_log"
[framework] 2016-08-26 14:18:01,713 - org.mybatis.generator.internal.db.DatabaseIntrospector -29   [main] DEBUG org.mybatis.generator.internal.db.DatabaseIntrospector  - Found column "gmt_create", data type 93, in table "xiakehou..admin_operator_log"
[framework] 2016-08-26 14:18:01,713 - org.mybatis.generator.internal.db.DatabaseIntrospector -29   [main] DEBUG org.mybatis.generator.internal.db.DatabaseIntrospector  - Found column "gmt_modified", data type 93, in table "xiakehou..admin_operator_log"
[framework] 2016-08-26 14:18:01,720 - org.mybatis.generator.internal.db.DatabaseIntrospector -36   [main] DEBUG org.mybatis.generator.internal.db.DatabaseIntrospector  - Retrieving column information for table "admin_pic_school"
[framework] 2016-08-26 14:18:01,728 - org.mybatis.generator.internal.db.DatabaseIntrospector -44   [main] DEBUG org.mybatis.generator.internal.db.DatabaseIntrospector  - Found column "id", data type -5, in table "xiakehou..admin_pic_school"
[framework] 2016-08-26 14:18:01,728 - org.mybatis.generator.internal.db.DatabaseIntrospector -44   [main] DEBUG org.mybatis.generator.internal.db.DatabaseIntrospector  - Found column "pic_id", data type -5, in table "xiakehou..admin_pic_school"
[framework] 2016-08-26 14:18:01,728 - org.mybatis.generator.internal.db.DatabaseIntrospector -44   [main] DEBUG org.mybatis.generator.internal.db.DatabaseIntrospector  - Found column "school_no", data type 12, in table "xiakehou..admin_pic_school"
[framework] 2016-08-26 14:18:01,729 - org.mybatis.generator.internal.db.DatabaseIntrospector -45   [main] DEBUG org.mybatis.generator.internal.db.DatabaseIntrospector  - Found column "school_name", data type 12, in table "xiakehou..admin_pic_school"
[framework] 2016-08-26 14:18:01,731 - org.mybatis.generator.internal.db.DatabaseIntrospector -47   [main] DEBUG org.mybatis.generator.internal.db.DatabaseIntrospector  - Found column "school_zone", data type 12, in table "xiakehou..admin_pic_school"
[framework] 2016-08-26 14:18:01,731 - org.mybatis.generator.internal.db.DatabaseIntrospector -47   [main] DEBUG org.mybatis.generator.internal.db.DatabaseIntrospector  - Found column "remark", data type 12, in table "xiakehou..admin_pic_school"
[framework] 2016-08-26 14:18:01,731 - org.mybatis.generator.internal.db.DatabaseIntrospector -47   [main] DEBUG org.mybatis.generator.internal.db.DatabaseIntrospector  - Found column "gmt_create", data type 93, in table "xiakehou..admin_pic_school"
[framework] 2016-08-26 14:18:01,732 - org.mybatis.generator.internal.db.DatabaseIntrospector -48   [main] DEBUG org.mybatis.generator.internal.db.DatabaseIntrospector  - Found column "gmt_modified", data type 93, in table "xiakehou..admin_pic_school"
[framework] 2016-08-26 14:18:01,756 - org.mybatis.generator.internal.db.DatabaseIntrospector -72   [main] DEBUG org.mybatis.generator.internal.db.DatabaseIntrospector  - Retrieving column information for table "admin_picture"
[framework] 2016-08-26 14:18:01,771 - org.mybatis.generator.internal.db.DatabaseIntrospector -87   [main] DEBUG org.mybatis.generator.internal.db.DatabaseIntrospector  - Found column "id", data type -5, in table "xiakehou..admin_picture"
[framework] 2016-08-26 14:18:01,771 - org.mybatis.generator.internal.db.DatabaseIntrospector -87   [main] DEBUG org.mybatis.generator.internal.db.DatabaseIntrospector  - Found column "pic_name", data type 12, in table "xiakehou..admin_picture"
[framework] 2016-08-26 14:18:01,772 - org.mybatis.generator.internal.db.DatabaseIntrospector -88   [main] DEBUG org.mybatis.generator.internal.db.DatabaseIntrospector  - Found column "pic_url", data type 12, in table "xiakehou..admin_picture"
[framework] 2016-08-26 14:18:01,772 - org.mybatis.generator.internal.db.DatabaseIntrospector -88   [main] DEBUG org.mybatis.generator.internal.db.DatabaseIntrospector  - Found column "link_url", data type 12, in table "xiakehou..admin_picture"
[framework] 2016-08-26 14:18:01,772 - org.mybatis.generator.internal.db.DatabaseIntrospector -88   [main] DEBUG org.mybatis.generator.internal.db.DatabaseIntrospector  - Found column "pic_position", data type -6, in table "xiakehou..admin_picture"
[framework] 2016-08-26 14:18:01,773 - org.mybatis.generator.internal.db.DatabaseIntrospector -89   [main] DEBUG org.mybatis.generator.internal.db.DatabaseIntrospector  - Found column "f_status", data type -6, in table "xiakehou..admin_picture"
[framework] 2016-08-26 14:18:01,773 - org.mybatis.generator.internal.db.DatabaseIntrospector -89   [main] DEBUG org.mybatis.generator.internal.db.DatabaseIntrospector  - Found column "is_default", data type -6, in table "xiakehou..admin_picture"
[framework] 2016-08-26 14:18:01,773 - org.mybatis.generator.internal.db.DatabaseIntrospector -89   [main] DEBUG org.mybatis.generator.internal.db.DatabaseIntrospector  - Found column "sort", data type -6, in table "xiakehou..admin_picture"
[framework] 2016-08-26 14:18:01,773 - org.mybatis.generator.internal.db.DatabaseIntrospector -89   [main] DEBUG org.mybatis.generator.internal.db.DatabaseIntrospector  - Found column "var1", data type 12, in table "xiakehou..admin_picture"
[framework] 2016-08-26 14:18:01,774 - org.mybatis.generator.internal.db.DatabaseIntrospector -90   [main] DEBUG org.mybatis.generator.internal.db.DatabaseIntrospector  - Found column "var2", data type 12, in table "xiakehou..admin_picture"
[framework] 2016-08-26 14:18:01,774 - org.mybatis.generator.internal.db.DatabaseIntrospector -90   [main] DEBUG org.mybatis.generator.internal.db.DatabaseIntrospector  - Found column "operator_id", data type -5, in table "xiakehou..admin_picture"
[framework] 2016-08-26 14:18:01,774 - org.mybatis.generator.internal.db.DatabaseIntrospector -90   [main] DEBUG org.mybatis.generator.internal.db.DatabaseIntrospector  - Found column "operator", data type 12, in table "xiakehou..admin_picture"
[framework] 2016-08-26 14:18:01,774 - org.mybatis.generator.internal.db.DatabaseIntrospector -90   [main] DEBUG org.mybatis.generator.internal.db.DatabaseIntrospector  - Found column "gmt_create", data type 93, in table "xiakehou..admin_picture"
[framework] 2016-08-26 14:18:01,775 - org.mybatis.generator.internal.db.DatabaseIntrospector -91   [main] DEBUG org.mybatis.generator.internal.db.DatabaseIntrospector  - Found column "gmt_modified", data type 93, in table "xiakehou..admin_picture"
[framework] 2016-08-26 14:18:01,777 - org.mybatis.generator.internal.db.DatabaseIntrospector -93   [main] DEBUG org.mybatis.generator.internal.db.DatabaseIntrospector  - Retrieving column information for table "admin_privilege"
[framework] 2016-08-26 14:18:01,787 - org.mybatis.generator.internal.db.DatabaseIntrospector -103  [main] DEBUG org.mybatis.generator.internal.db.DatabaseIntrospector  - Found column "id", data type -5, in table "xiakehou..admin_privilege"
[framework] 2016-08-26 14:18:01,787 - org.mybatis.generator.internal.db.DatabaseIntrospector -103  [main] DEBUG org.mybatis.generator.internal.db.DatabaseIntrospector  - Found column "user_id", data type -5, in table "xiakehou..admin_privilege"
[framework] 2016-08-26 14:18:01,787 - org.mybatis.generator.internal.db.DatabaseIntrospector -103  [main] DEBUG org.mybatis.generator.internal.db.DatabaseIntrospector  - Found column "user_name", data type 12, in table "xiakehou..admin_privilege"
[framework] 2016-08-26 14:18:01,787 - org.mybatis.generator.internal.db.DatabaseIntrospector -103  [main] DEBUG org.mybatis.generator.internal.db.DatabaseIntrospector  - Found column "privilege_name", data type 12, in table "xiakehou..admin_privilege"
[framework] 2016-08-26 14:18:01,788 - org.mybatis.generator.internal.db.DatabaseIntrospector -104  [main] DEBUG org.mybatis.generator.internal.db.DatabaseIntrospector  - Found column "privilege_code", data type 12, in table "xiakehou..admin_privilege"
[framework] 2016-08-26 14:18:01,788 - org.mybatis.generator.internal.db.DatabaseIntrospector -104  [main] DEBUG org.mybatis.generator.internal.db.DatabaseIntrospector  - Found column "privilege_url", data type 12, in table "xiakehou..admin_privilege"
[framework] 2016-08-26 14:18:01,788 - org.mybatis.generator.internal.db.DatabaseIntrospector -104  [main] DEBUG org.mybatis.generator.internal.db.DatabaseIntrospector  - Found column "f_status", data type -6, in table "xiakehou..admin_privilege"
[framework] 2016-08-26 14:18:01,788 - org.mybatis.generator.internal.db.DatabaseIntrospector -104  [main] DEBUG org.mybatis.generator.internal.db.DatabaseIntrospector  - Found column "var1", data type 12, in table "xiakehou..admin_privilege"
[framework] 2016-08-26 14:18:01,789 - org.mybatis.generator.internal.db.DatabaseIntrospector -105  [main] DEBUG org.mybatis.generator.internal.db.DatabaseIntrospector  - Found column "var2", data type 12, in table "xiakehou..admin_privilege"
[framework] 2016-08-26 14:18:01,789 - org.mybatis.generator.internal.db.DatabaseIntrospector -105  [main] DEBUG org.mybatis.generator.internal.db.DatabaseIntrospector  - Found column "operator_id", data type -5, in table "xiakehou..admin_privilege"
[framework] 2016-08-26 14:18:01,789 - org.mybatis.generator.internal.db.DatabaseIntrospector -105  [main] DEBUG org.mybatis.generator.internal.db.DatabaseIntrospector  - Found column "operator", data type 12, in table "xiakehou..admin_privilege"
[framework] 2016-08-26 14:18:01,789 - org.mybatis.generator.internal.db.DatabaseIntrospector -105  [main] DEBUG org.mybatis.generator.internal.db.DatabaseIntrospector  - Found column "gmt_create", data type 93, in table "xiakehou..admin_privilege"
[framework] 2016-08-26 14:18:01,790 - org.mybatis.generator.internal.db.DatabaseIntrospector -106  [main] DEBUG org.mybatis.generator.internal.db.DatabaseIntrospector  - Found column "gmt_modified", data type 93, in table "xiakehou..admin_privilege"
[framework] 2016-08-26 14:18:01,792 - org.mybatis.generator.internal.db.DatabaseIntrospector -108  [main] DEBUG org.mybatis.generator.internal.db.DatabaseIntrospector  - Retrieving column information for table "admin_role"
[framework] 2016-08-26 14:18:01,800 - org.mybatis.generator.internal.db.DatabaseIntrospector -116  [main] DEBUG org.mybatis.generator.internal.db.DatabaseIntrospector  - Found column "id", data type -5, in table "xiakehou..admin_role"
[framework] 2016-08-26 14:18:01,800 - org.mybatis.generator.internal.db.DatabaseIntrospector -116  [main] DEBUG org.mybatis.generator.internal.db.DatabaseIntrospector  - Found column "user_id", data type -5, in table "xiakehou..admin_role"
[framework] 2016-08-26 14:18:01,800 - org.mybatis.generator.internal.db.DatabaseIntrospector -116  [main] DEBUG org.mybatis.generator.internal.db.DatabaseIntrospector  - Found column "user_name", data type 12, in table "xiakehou..admin_role"
[framework] 2016-08-26 14:18:01,800 - org.mybatis.generator.internal.db.DatabaseIntrospector -116  [main] DEBUG org.mybatis.generator.internal.db.DatabaseIntrospector  - Found column "role_name", data type 12, in table "xiakehou..admin_role"
[framework] 2016-08-26 14:18:01,801 - org.mybatis.generator.internal.db.DatabaseIntrospector -117  [main] DEBUG org.mybatis.generator.internal.db.DatabaseIntrospector  - Found column "role_code", data type 12, in table "xiakehou..admin_role"
[framework] 2016-08-26 14:18:01,801 - org.mybatis.generator.internal.db.DatabaseIntrospector -117  [main] DEBUG org.mybatis.generator.internal.db.DatabaseIntrospector  - Found column "description", data type 12, in table "xiakehou..admin_role"
[framework] 2016-08-26 14:18:01,801 - org.mybatis.generator.internal.db.DatabaseIntrospector -117  [main] DEBUG org.mybatis.generator.internal.db.DatabaseIntrospector  - Found column "f_status", data type -6, in table "xiakehou..admin_role"
[framework] 2016-08-26 14:18:01,801 - org.mybatis.generator.internal.db.DatabaseIntrospector -117  [main] DEBUG org.mybatis.generator.internal.db.DatabaseIntrospector  - Found column "var1", data type 12, in table "xiakehou..admin_role"
[framework] 2016-08-26 14:18:01,801 - org.mybatis.generator.internal.db.DatabaseIntrospector -117  [main] DEBUG org.mybatis.generator.internal.db.DatabaseIntrospector  - Found column "var2", data type 12, in table "xiakehou..admin_role"
[framework] 2016-08-26 14:18:01,801 - org.mybatis.generator.internal.db.DatabaseIntrospector -117  [main] DEBUG org.mybatis.generator.internal.db.DatabaseIntrospector  - Found column "operator_id", data type -5, in table "xiakehou..admin_role"
[framework] 2016-08-26 14:18:01,802 - org.mybatis.generator.internal.db.DatabaseIntrospector -118  [main] DEBUG org.mybatis.generator.internal.db.DatabaseIntrospector  - Found column "operator", data type 12, in table "xiakehou..admin_role"
[framework] 2016-08-26 14:18:01,802 - org.mybatis.generator.internal.db.DatabaseIntrospector -118  [main] DEBUG org.mybatis.generator.internal.db.DatabaseIntrospector  - Found column "gmt_create", data type 93, in table "xiakehou..admin_role"
[framework] 2016-08-26 14:18:01,802 - org.mybatis.generator.internal.db.DatabaseIntrospector -118  [main] DEBUG org.mybatis.generator.internal.db.DatabaseIntrospector  - Found column "gmt_modified", data type 93, in table "xiakehou..admin_role"
[framework] 2016-08-26 14:18:01,805 - org.mybatis.generator.internal.db.DatabaseIntrospector -121  [main] DEBUG org.mybatis.generator.internal.db.DatabaseIntrospector  - Retrieving column information for table "admin_role_privilege"
[framework] 2016-08-26 14:18:01,811 - org.mybatis.generator.internal.db.DatabaseIntrospector -127  [main] DEBUG org.mybatis.generator.internal.db.DatabaseIntrospector  - Found column "id", data type -5, in table "xiakehou..admin_role_privilege"
[framework] 2016-08-26 14:18:01,811 - org.mybatis.generator.internal.db.DatabaseIntrospector -127  [main] DEBUG org.mybatis.generator.internal.db.DatabaseIntrospector  - Found column "privilege_id", data type -5, in table "xiakehou..admin_role_privilege"
[framework] 2016-08-26 14:18:01,811 - org.mybatis.generator.internal.db.DatabaseIntrospector -127  [main] DEBUG org.mybatis.generator.internal.db.DatabaseIntrospector  - Found column "role_id", data type -5, in table "xiakehou..admin_role_privilege"
[framework] 2016-08-26 14:18:01,812 - org.mybatis.generator.internal.db.DatabaseIntrospector -128  [main] DEBUG org.mybatis.generator.internal.db.DatabaseIntrospector  - Found column "operator_type", data type -6, in table "xiakehou..admin_role_privilege"
[framework] 2016-08-26 14:18:01,812 - org.mybatis.generator.internal.db.DatabaseIntrospector -128  [main] DEBUG org.mybatis.generator.internal.db.DatabaseIntrospector  - Found column "gmt_create", data type 93, in table "xiakehou..admin_role_privilege"
[framework] 2016-08-26 14:18:01,812 - org.mybatis.generator.internal.db.DatabaseIntrospector -128  [main] DEBUG org.mybatis.generator.internal.db.DatabaseIntrospector  - Found column "gmt_modified", data type 93, in table "xiakehou..admin_role_privilege"
[framework] 2016-08-26 14:18:01,814 - org.mybatis.generator.internal.db.DatabaseIntrospector -130  [main] DEBUG org.mybatis.generator.internal.db.DatabaseIntrospector  - Retrieving column information for table "admin_user"
[framework] 2016-08-26 14:18:01,823 - org.mybatis.generator.internal.db.DatabaseIntrospector -139  [main] DEBUG org.mybatis.generator.internal.db.DatabaseIntrospector  - Found column "id", data type -5, in table "xiakehou..admin_user"
[framework] 2016-08-26 14:18:01,823 - org.mybatis.generator.internal.db.DatabaseIntrospector -139  [main] DEBUG org.mybatis.generator.internal.db.DatabaseIntrospector  - Found column "user_name", data type 12, in table "xiakehou..admin_user"
[framework] 2016-08-26 14:18:01,824 - org.mybatis.generator.internal.db.DatabaseIntrospector -140  [main] DEBUG org.mybatis.generator.internal.db.DatabaseIntrospector  - Found column "user_code", data type 12, in table "xiakehou..admin_user"
[framework] 2016-08-26 14:18:01,824 - org.mybatis.generator.internal.db.DatabaseIntrospector -140  [main] DEBUG org.mybatis.generator.internal.db.DatabaseIntrospector  - Found column "nick_name", data type 12, in table "xiakehou..admin_user"
[framework] 2016-08-26 14:18:01,824 - org.mybatis.generator.internal.db.DatabaseIntrospector -140  [main] DEBUG org.mybatis.generator.internal.db.DatabaseIntrospector  - Found column "password", data type 12, in table "xiakehou..admin_user"
[framework] 2016-08-26 14:18:01,824 - org.mybatis.generator.internal.db.DatabaseIntrospector -140  [main] DEBUG org.mybatis.generator.internal.db.DatabaseIntrospector  - Found column "phone", data type 12, in table "xiakehou..admin_user"
[framework] 2016-08-26 14:18:01,824 - org.mybatis.generator.internal.db.DatabaseIntrospector -140  [main] DEBUG org.mybatis.generator.internal.db.DatabaseIntrospector  - Found column "email", data type 12, in table "xiakehou..admin_user"
[framework] 2016-08-26 14:18:01,824 - org.mybatis.generator.internal.db.DatabaseIntrospector -140  [main] DEBUG org.mybatis.generator.internal.db.DatabaseIntrospector  - Found column "gender", data type 12, in table "xiakehou..admin_user"
[framework] 2016-08-26 14:18:01,824 - org.mybatis.generator.internal.db.DatabaseIntrospector -140  [main] DEBUG org.mybatis.generator.internal.db.DatabaseIntrospector  - Found column "age", data type 4, in table "xiakehou..admin_user"
[framework] 2016-08-26 14:18:01,825 - org.mybatis.generator.internal.db.DatabaseIntrospector -141  [main] DEBUG org.mybatis.generator.internal.db.DatabaseIntrospector  - Found column "is_certified", data type 12, in table "xiakehou..admin_user"
[framework] 2016-08-26 14:18:01,825 - org.mybatis.generator.internal.db.DatabaseIntrospector -141  [main] DEBUG org.mybatis.generator.internal.db.DatabaseIntrospector  - Found column "f_status", data type -6, in table "xiakehou..admin_user"
[framework] 2016-08-26 14:18:01,825 - org.mybatis.generator.internal.db.DatabaseIntrospector -141  [main] DEBUG org.mybatis.generator.internal.db.DatabaseIntrospector  - Found column "f_type", data type -6, in table "xiakehou..admin_user"
[framework] 2016-08-26 14:18:01,825 - org.mybatis.generator.internal.db.DatabaseIntrospector -141  [main] DEBUG org.mybatis.generator.internal.db.DatabaseIntrospector  - Found column "alipay_account", data type 12, in table "xiakehou..admin_user"
[framework] 2016-08-26 14:18:01,825 - org.mybatis.generator.internal.db.DatabaseIntrospector -141  [main] DEBUG org.mybatis.generator.internal.db.DatabaseIntrospector  - Found column "alipay_user_id", data type 12, in table "xiakehou..admin_user"
[framework] 2016-08-26 14:18:01,825 - org.mybatis.generator.internal.db.DatabaseIntrospector -141  [main] DEBUG org.mybatis.generator.internal.db.DatabaseIntrospector  - Found column "province_id", data type -5, in table "xiakehou..admin_user"
[framework] 2016-08-26 14:18:01,826 - org.mybatis.generator.internal.db.DatabaseIntrospector -142  [main] DEBUG org.mybatis.generator.internal.db.DatabaseIntrospector  - Found column "province", data type 12, in table "xiakehou..admin_user"
[framework] 2016-08-26 14:18:01,826 - org.mybatis.generator.internal.db.DatabaseIntrospector -142  [main] DEBUG org.mybatis.generator.internal.db.DatabaseIntrospector  - Found column "city_id", data type -5, in table "xiakehou..admin_user"
[framework] 2016-08-26 14:18:01,826 - org.mybatis.generator.internal.db.DatabaseIntrospector -142  [main] DEBUG org.mybatis.generator.internal.db.DatabaseIntrospector  - Found column "city", data type 12, in table "xiakehou..admin_user"
[framework] 2016-08-26 14:18:01,826 - org.mybatis.generator.internal.db.DatabaseIntrospector -142  [main] DEBUG org.mybatis.generator.internal.db.DatabaseIntrospector  - Found column "area", data type 12, in table "xiakehou..admin_user"
[framework] 2016-08-26 14:18:01,826 - org.mybatis.generator.internal.db.DatabaseIntrospector -142  [main] DEBUG org.mybatis.generator.internal.db.DatabaseIntrospector  - Found column "school_no", data type 12, in table "xiakehou..admin_user"
[framework] 2016-08-26 14:18:01,827 - org.mybatis.generator.internal.db.DatabaseIntrospector -143  [main] DEBUG org.mybatis.generator.internal.db.DatabaseIntrospector  - Found column "school_name", data type 12, in table "xiakehou..admin_user"
[framework] 2016-08-26 14:18:01,827 - org.mybatis.generator.internal.db.DatabaseIntrospector -143  [main] DEBUG org.mybatis.generator.internal.db.DatabaseIntrospector  - Found column "major", data type 12, in table "xiakehou..admin_user"
[framework] 2016-08-26 14:18:01,827 - org.mybatis.generator.internal.db.DatabaseIntrospector -143  [main] DEBUG org.mybatis.generator.internal.db.DatabaseIntrospector  - Found column "grade", data type 12, in table "xiakehou..admin_user"
[framework] 2016-08-26 14:18:01,827 - org.mybatis.generator.internal.db.DatabaseIntrospector -143  [main] DEBUG org.mybatis.generator.internal.db.DatabaseIntrospector  - Found column "remark", data type 12, in table "xiakehou..admin_user"
[framework] 2016-08-26 14:18:01,828 - org.mybatis.generator.internal.db.DatabaseIntrospector -144  [main] DEBUG org.mybatis.generator.internal.db.DatabaseIntrospector  - Found column "var1", data type 12, in table "xiakehou..admin_user"
[framework] 2016-08-26 14:18:01,828 - org.mybatis.generator.internal.db.DatabaseIntrospector -144  [main] DEBUG org.mybatis.generator.internal.db.DatabaseIntrospector  - Found column "var2", data type 12, in table "xiakehou..admin_user"
[framework] 2016-08-26 14:18:01,828 - org.mybatis.generator.internal.db.DatabaseIntrospector -144  [main] DEBUG org.mybatis.generator.internal.db.DatabaseIntrospector  - Found column "operator_id", data type -5, in table "xiakehou..admin_user"
[framework] 2016-08-26 14:18:01,828 - org.mybatis.generator.internal.db.DatabaseIntrospector -144  [main] DEBUG org.mybatis.generator.internal.db.DatabaseIntrospector  - Found column "operator", data type 12, in table "xiakehou..admin_user"
[framework] 2016-08-26 14:18:01,829 - org.mybatis.generator.internal.db.DatabaseIntrospector -145  [main] DEBUG org.mybatis.generator.internal.db.DatabaseIntrospector  - Found column "gmt_create", data type 93, in table "xiakehou..admin_user"
[framework] 2016-08-26 14:18:01,829 - org.mybatis.generator.internal.db.DatabaseIntrospector -145  [main] DEBUG org.mybatis.generator.internal.db.DatabaseIntrospector  - Found column "gmt_modified", data type 93, in table "xiakehou..admin_user"
[framework] 2016-08-26 14:18:01,832 - org.mybatis.generator.internal.db.DatabaseIntrospector -148  [main] DEBUG org.mybatis.generator.internal.db.DatabaseIntrospector  - Retrieving column information for table "admin_user_role"
[framework] 2016-08-26 14:18:01,836 - org.mybatis.generator.internal.db.DatabaseIntrospector -152  [main] DEBUG org.mybatis.generator.internal.db.DatabaseIntrospector  - Found column "id", data type -5, in table "xiakehou..admin_user_role"
[framework] 2016-08-26 14:18:01,837 - org.mybatis.generator.internal.db.DatabaseIntrospector -153  [main] DEBUG org.mybatis.generator.internal.db.DatabaseIntrospector  - Found column "user_id", data type -5, in table "xiakehou..admin_user_role"
[framework] 2016-08-26 14:18:01,837 - org.mybatis.generator.internal.db.DatabaseIntrospector -153  [main] DEBUG org.mybatis.generator.internal.db.DatabaseIntrospector  - Found column "role_id", data type -5, in table "xiakehou..admin_user_role"
[framework] 2016-08-26 14:18:01,837 - org.mybatis.generator.internal.db.DatabaseIntrospector -153  [main] DEBUG org.mybatis.generator.internal.db.DatabaseIntrospector  - Found column "role_name", data type 12, in table "xiakehou..admin_user_role"
[framework] 2016-08-26 14:18:01,837 - org.mybatis.generator.internal.db.DatabaseIntrospector -153  [main] DEBUG org.mybatis.generator.internal.db.DatabaseIntrospector  - Found column "gmt_create", data type 93, in table "xiakehou..admin_user_role"
[framework] 2016-08-26 14:18:01,837 - org.mybatis.generator.internal.db.DatabaseIntrospector -153  [main] DEBUG org.mybatis.generator.internal.db.DatabaseIntrospector  - Found column "gmt_modified", data type 93, in table "xiakehou..admin_user_role"
[framework] 2016-08-26 14:18:01,839 - org.mybatis.generator.internal.db.DatabaseIntrospector -155  [main] DEBUG org.mybatis.generator.internal.db.DatabaseIntrospector  - Retrieving column information for table "admin_user_school"
[framework] 2016-08-26 14:18:01,845 - org.mybatis.generator.internal.db.DatabaseIntrospector -161  [main] DEBUG org.mybatis.generator.internal.db.DatabaseIntrospector  - Found column "id", data type -5, in table "xiakehou..admin_user_school"
[framework] 2016-08-26 14:18:01,845 - org.mybatis.generator.internal.db.DatabaseIntrospector -161  [main] DEBUG org.mybatis.generator.internal.db.DatabaseIntrospector  - Found column "user_id", data type -5, in table "xiakehou..admin_user_school"
[framework] 2016-08-26 14:18:01,845 - org.mybatis.generator.internal.db.DatabaseIntrospector -161  [main] DEBUG org.mybatis.generator.internal.db.DatabaseIntrospector  - Found column "school_no", data type 12, in table "xiakehou..admin_user_school"
[framework] 2016-08-26 14:18:01,846 - org.mybatis.generator.internal.db.DatabaseIntrospector -162  [main] DEBUG org.mybatis.generator.internal.db.DatabaseIntrospector  - Found column "school_name", data type 12, in table "xiakehou..admin_user_school"
[framework] 2016-08-26 14:18:01,846 - org.mybatis.generator.internal.db.DatabaseIntrospector -162  [main] DEBUG org.mybatis.generator.internal.db.DatabaseIntrospector  - Found column "var1", data type 12, in table "xiakehou..admin_user_school"
[framework] 2016-08-26 14:18:01,846 - org.mybatis.generator.internal.db.DatabaseIntrospector -162  [main] DEBUG org.mybatis.generator.internal.db.DatabaseIntrospector  - Found column "var2", data type 12, in table "xiakehou..admin_user_school"
[framework] 2016-08-26 14:18:01,846 - org.mybatis.generator.internal.db.DatabaseIntrospector -162  [main] DEBUG org.mybatis.generator.internal.db.DatabaseIntrospector  - Found column "gmt_create", data type 93, in table "xiakehou..admin_user_school"
[framework] 2016-08-26 14:18:01,846 - org.mybatis.generator.internal.db.DatabaseIntrospector -162  [main] DEBUG org.mybatis.generator.internal.db.DatabaseIntrospector  - Found column "gmt_modified", data type 93, in table "xiakehou..admin_user_school"
[framework] 2016-08-26 14:18:01,848 - org.mybatis.generator.internal.db.DatabaseIntrospector -164  [main] DEBUG org.mybatis.generator.internal.db.DatabaseIntrospector  - Retrieving column information for table "xkh_act_com_rule"
[framework] 2016-08-26 14:18:01,855 - org.mybatis.generator.internal.db.DatabaseIntrospector -171  [main] DEBUG org.mybatis.generator.internal.db.DatabaseIntrospector  - Found column "id", data type -5, in table "xiakehou..xkh_act_com_rule"
[framework] 2016-08-26 14:18:01,855 - org.mybatis.generator.internal.db.DatabaseIntrospector -171  [main] DEBUG org.mybatis.generator.internal.db.DatabaseIntrospector  - Found column "user_id", data type -5, in table "xiakehou..xkh_act_com_rule"
[framework] 2016-08-26 14:18:01,856 - org.mybatis.generator.internal.db.DatabaseIntrospector -172  [main] DEBUG org.mybatis.generator.internal.db.DatabaseIntrospector  - Found column "alipay_user_id", data type 12, in table "xiakehou..xkh_act_com_rule"
[framework] 2016-08-26 14:18:01,856 - org.mybatis.generator.internal.db.DatabaseIntrospector -172  [main] DEBUG org.mybatis.generator.internal.db.DatabaseIntrospector  - Found column "user_name", data type 12, in table "xiakehou..xkh_act_com_rule"
[framework] 2016-08-26 14:18:01,856 - org.mybatis.generator.internal.db.DatabaseIntrospector -172  [main] DEBUG org.mybatis.generator.internal.db.DatabaseIntrospector  - Found column "rule_type", data type -6, in table "xiakehou..xkh_act_com_rule"
[framework] 2016-08-26 14:18:01,857 - org.mybatis.generator.internal.db.DatabaseIntrospector -173  [main] DEBUG org.mybatis.generator.internal.db.DatabaseIntrospector  - Found column "min_start_rule", data type 4, in table "xiakehou..xkh_act_com_rule"
[framework] 2016-08-26 14:18:01,857 - org.mybatis.generator.internal.db.DatabaseIntrospector -173  [main] DEBUG org.mybatis.generator.internal.db.DatabaseIntrospector  - Found column "var1", data type 12, in table "xiakehou..xkh_act_com_rule"
[framework] 2016-08-26 14:18:01,857 - org.mybatis.generator.internal.db.DatabaseIntrospector -173  [main] DEBUG org.mybatis.generator.internal.db.DatabaseIntrospector  - Found column "var2", data type 12, in table "xiakehou..xkh_act_com_rule"
[framework] 2016-08-26 14:18:01,857 - org.mybatis.generator.internal.db.DatabaseIntrospector -173  [main] DEBUG org.mybatis.generator.internal.db.DatabaseIntrospector  - Found column "gmt_create", data type 93, in table "xiakehou..xkh_act_com_rule"
[framework] 2016-08-26 14:18:01,858 - org.mybatis.generator.internal.db.DatabaseIntrospector -174  [main] DEBUG org.mybatis.generator.internal.db.DatabaseIntrospector  - Found column "gmt_modified", data type 93, in table "xiakehou..xkh_act_com_rule"
[framework] 2016-08-26 14:18:01,860 - org.mybatis.generator.internal.db.DatabaseIntrospector -176  [main] DEBUG org.mybatis.generator.internal.db.DatabaseIntrospector  - Retrieving column information for table "xkh_activity"
[framework] 2016-08-26 14:18:01,871 - org.mybatis.generator.internal.db.DatabaseIntrospector -187  [main] DEBUG org.mybatis.generator.internal.db.DatabaseIntrospector  - Found column "id", data type -5, in table "xiakehou..xkh_activity"
[framework] 2016-08-26 14:18:01,872 - org.mybatis.generator.internal.db.DatabaseIntrospector -188  [main] DEBUG org.mybatis.generator.internal.db.DatabaseIntrospector  - Found column "user_id", data type -5, in table "xiakehou..xkh_activity"
[framework] 2016-08-26 14:18:01,872 - org.mybatis.generator.internal.db.DatabaseIntrospector -188  [main] DEBUG org.mybatis.generator.internal.db.DatabaseIntrospector  - Found column "alipay_user_id", data type 12, in table "xiakehou..xkh_activity"
[framework] 2016-08-26 14:18:01,872 - org.mybatis.generator.internal.db.DatabaseIntrospector -188  [main] DEBUG org.mybatis.generator.internal.db.DatabaseIntrospector  - Found column "type_id", data type -5, in table "xiakehou..xkh_activity"
[framework] 2016-08-26 14:18:01,872 - org.mybatis.generator.internal.db.DatabaseIntrospector -188  [main] DEBUG org.mybatis.generator.internal.db.DatabaseIntrospector  - Found column "type_name", data type 12, in table "xiakehou..xkh_activity"
[framework] 2016-08-26 14:18:01,872 - org.mybatis.generator.internal.db.DatabaseIntrospector -188  [main] DEBUG org.mybatis.generator.internal.db.DatabaseIntrospector  - Found column "user_name", data type 12, in table "xiakehou..xkh_activity"
[framework] 2016-08-26 14:18:01,873 - org.mybatis.generator.internal.db.DatabaseIntrospector -189  [main] DEBUG org.mybatis.generator.internal.db.DatabaseIntrospector  - Found column "community_id", data type -5, in table "xiakehou..xkh_activity"
[framework] 2016-08-26 14:18:01,873 - org.mybatis.generator.internal.db.DatabaseIntrospector -189  [main] DEBUG org.mybatis.generator.internal.db.DatabaseIntrospector  - Found column "community_name", data type 12, in table "xiakehou..xkh_activity"
[framework] 2016-08-26 14:18:01,873 - org.mybatis.generator.internal.db.DatabaseIntrospector -189  [main] DEBUG org.mybatis.generator.internal.db.DatabaseIntrospector  - Found column "activity_name", data type 12, in table "xiakehou..xkh_activity"
[framework] 2016-08-26 14:18:01,873 - org.mybatis.generator.internal.db.DatabaseIntrospector -189  [main] DEBUG org.mybatis.generator.internal.db.DatabaseIntrospector  - Found column "activity_num", data type 4, in table "xiakehou..xkh_activity"
[framework] 2016-08-26 14:18:01,874 - org.mybatis.generator.internal.db.DatabaseIntrospector -190  [main] DEBUG org.mybatis.generator.internal.db.DatabaseIntrospector  - Found column "current_num", data type 4, in table "xiakehou..xkh_activity"
[framework] 2016-08-26 14:18:01,874 - org.mybatis.generator.internal.db.DatabaseIntrospector -190  [main] DEBUG org.mybatis.generator.internal.db.DatabaseIntrospector  - Found column "banner_url", data type 12, in table "xiakehou..xkh_activity"
[framework] 2016-08-26 14:18:01,874 - org.mybatis.generator.internal.db.DatabaseIntrospector -190  [main] DEBUG org.mybatis.generator.internal.db.DatabaseIntrospector  - Found column "pic_source", data type -6, in table "xiakehou..xkh_activity"
[framework] 2016-08-26 14:18:01,874 - org.mybatis.generator.internal.db.DatabaseIntrospector -190  [main] DEBUG org.mybatis.generator.internal.db.DatabaseIntrospector  - Found column "rank", data type -6, in table "xiakehou..xkh_activity"
[framework] 2016-08-26 14:18:01,875 - org.mybatis.generator.internal.db.DatabaseIntrospector -191  [main] DEBUG org.mybatis.generator.internal.db.DatabaseIntrospector  - Found column "school_no", data type 12, in table "xiakehou..xkh_activity"
[framework] 2016-08-26 14:18:01,875 - org.mybatis.generator.internal.db.DatabaseIntrospector -191  [main] DEBUG org.mybatis.generator.internal.db.DatabaseIntrospector  - Found column "school_name", data type 12, in table "xiakehou..xkh_activity"
[framework] 2016-08-26 14:18:01,875 - org.mybatis.generator.internal.db.DatabaseIntrospector -191  [main] DEBUG org.mybatis.generator.internal.db.DatabaseIntrospector  - Found column "address", data type 12, in table "xiakehou..xkh_activity"
[framework] 2016-08-26 14:18:01,876 - org.mybatis.generator.internal.db.DatabaseIntrospector -192  [main] DEBUG org.mybatis.generator.internal.db.DatabaseIntrospector  - Found column "f_status", data type -6, in table "xiakehou..xkh_activity"
[framework] 2016-08-26 14:18:01,876 - org.mybatis.generator.internal.db.DatabaseIntrospector -192  [main] DEBUG org.mybatis.generator.internal.db.DatabaseIntrospector  - Found column "check_status", data type -6, in table "xiakehou..xkh_activity"
[framework] 2016-08-26 14:18:01,876 - org.mybatis.generator.internal.db.DatabaseIntrospector -192  [main] DEBUG org.mybatis.generator.internal.db.DatabaseIntrospector  - Found column "expiry_date", data type 93, in table "xiakehou..xkh_activity"
[framework] 2016-08-26 14:18:01,876 - org.mybatis.generator.internal.db.DatabaseIntrospector -192  [main] DEBUG org.mybatis.generator.internal.db.DatabaseIntrospector  - Found column "introduction", data type 12, in table "xiakehou..xkh_activity"
[framework] 2016-08-26 14:18:01,877 - org.mybatis.generator.internal.db.DatabaseIntrospector -193  [main] DEBUG org.mybatis.generator.internal.db.DatabaseIntrospector  - Found column "group_chat_id", data type 12, in table "xiakehou..xkh_activity"
[framework] 2016-08-26 14:18:01,877 - org.mybatis.generator.internal.db.DatabaseIntrospector -193  [main] DEBUG org.mybatis.generator.internal.db.DatabaseIntrospector  - Found column "remark", data type 12, in table "xiakehou..xkh_activity"
[framework] 2016-08-26 14:18:01,877 - org.mybatis.generator.internal.db.DatabaseIntrospector -193  [main] DEBUG org.mybatis.generator.internal.db.DatabaseIntrospector  - Found column "var1", data type 12, in table "xiakehou..xkh_activity"
[framework] 2016-08-26 14:18:01,877 - org.mybatis.generator.internal.db.DatabaseIntrospector -193  [main] DEBUG org.mybatis.generator.internal.db.DatabaseIntrospector  - Found column "var2", data type 12, in table "xiakehou..xkh_activity"
[framework] 2016-08-26 14:18:01,877 - org.mybatis.generator.internal.db.DatabaseIntrospector -193  [main] DEBUG org.mybatis.generator.internal.db.DatabaseIntrospector  - Found column "operator_id", data type -5, in table "xiakehou..xkh_activity"
[framework] 2016-08-26 14:18:01,878 - org.mybatis.generator.internal.db.DatabaseIntrospector -194  [main] DEBUG org.mybatis.generator.internal.db.DatabaseIntrospector  - Found column "operator", data type 12, in table "xiakehou..xkh_activity"
[framework] 2016-08-26 14:18:01,878 - org.mybatis.generator.internal.db.DatabaseIntrospector -194  [main] DEBUG org.mybatis.generator.internal.db.DatabaseIntrospector  - Found column "gmt_create", data type 93, in table "xiakehou..xkh_activity"
[framework] 2016-08-26 14:18:01,878 - org.mybatis.generator.internal.db.DatabaseIntrospector -194  [main] DEBUG org.mybatis.generator.internal.db.DatabaseIntrospector  - Found column "gmt_modified", data type 93, in table "xiakehou..xkh_activity"
[framework] 2016-08-26 14:18:01,881 - org.mybatis.generator.internal.db.DatabaseIntrospector -197  [main] DEBUG org.mybatis.generator.internal.db.DatabaseIntrospector  - Retrieving column information for table "xkh_activity_pv"
[framework] 2016-08-26 14:18:01,882 - org.mybatis.generator.internal.db.DatabaseIntrospector -198  [main] DEBUG org.mybatis.generator.internal.db.DatabaseIntrospector  - Retrieving column information for table "xkh_activity_user"
[framework] 2016-08-26 14:18:01,890 - org.mybatis.generator.internal.db.DatabaseIntrospector -206  [main] DEBUG org.mybatis.generator.internal.db.DatabaseIntrospector  - Found column "id", data type -5, in table "xiakehou..xkh_activity_user"
[framework] 2016-08-26 14:18:01,892 - org.mybatis.generator.internal.db.DatabaseIntrospector -208  [main] DEBUG org.mybatis.generator.internal.db.DatabaseIntrospector  - Found column "activity_id", data type -5, in table "xiakehou..xkh_activity_user"
[framework] 2016-08-26 14:18:01,892 - org.mybatis.generator.internal.db.DatabaseIntrospector -208  [main] DEBUG org.mybatis.generator.internal.db.DatabaseIntrospector  - Found column "user_id", data type -5, in table "xiakehou..xkh_activity_user"
[framework] 2016-08-26 14:18:01,892 - org.mybatis.generator.internal.db.DatabaseIntrospector -208  [main] DEBUG org.mybatis.generator.internal.db.DatabaseIntrospector  - Found column "alipay_user_id", data type 12, in table "xiakehou..xkh_activity_user"
[framework] 2016-08-26 14:18:01,900 - org.mybatis.generator.internal.db.DatabaseIntrospector -216  [main] DEBUG org.mybatis.generator.internal.db.DatabaseIntrospector  - Found column "user_name", data type 12, in table "xiakehou..xkh_activity_user"
[framework] 2016-08-26 14:18:01,901 - org.mybatis.generator.internal.db.DatabaseIntrospector -217  [main] DEBUG org.mybatis.generator.internal.db.DatabaseIntrospector  - Found column "nick_name", data type 12, in table "xiakehou..xkh_activity_user"
[framework] 2016-08-26 14:18:01,901 - org.mybatis.generator.internal.db.DatabaseIntrospector -217  [main] DEBUG org.mybatis.generator.internal.db.DatabaseIntrospector  - Found column "user_portrait", data type 12, in table "xiakehou..xkh_activity_user"
[framework] 2016-08-26 14:18:01,901 - org.mybatis.generator.internal.db.DatabaseIntrospector -217  [main] DEBUG org.mybatis.generator.internal.db.DatabaseIntrospector  - Found column "school_no", data type 12, in table "xiakehou..xkh_activity_user"
[framework] 2016-08-26 14:18:01,903 - org.mybatis.generator.internal.db.DatabaseIntrospector -219  [main] DEBUG org.mybatis.generator.internal.db.DatabaseIntrospector  - Found column "school_name", data type 12, in table "xiakehou..xkh_activity_user"
[framework] 2016-08-26 14:18:01,903 - org.mybatis.generator.internal.db.DatabaseIntrospector -219  [main] DEBUG org.mybatis.generator.internal.db.DatabaseIntrospector  - Found column "gender", data type 12, in table "xiakehou..xkh_activity_user"
[framework] 2016-08-26 14:18:01,904 - org.mybatis.generator.internal.db.DatabaseIntrospector -220  [main] DEBUG org.mybatis.generator.internal.db.DatabaseIntrospector  - Found column "f_type", data type -6, in table "xiakehou..xkh_activity_user"
[framework] 2016-08-26 14:18:01,905 - org.mybatis.generator.internal.db.DatabaseIntrospector -221  [main] DEBUG org.mybatis.generator.internal.db.DatabaseIntrospector  - Found column "f_status", data type -6, in table "xiakehou..xkh_activity_user"
[framework] 2016-08-26 14:18:01,905 - org.mybatis.generator.internal.db.DatabaseIntrospector -221  [main] DEBUG org.mybatis.generator.internal.db.DatabaseIntrospector  - Found column "join_content", data type 12, in table "xiakehou..xkh_activity_user"
[framework] 2016-08-26 14:18:01,905 - org.mybatis.generator.internal.db.DatabaseIntrospector -221  [main] DEBUG org.mybatis.generator.internal.db.DatabaseIntrospector  - Found column "reject_content", data type 12, in table "xiakehou..xkh_activity_user"
[framework] 2016-08-26 14:18:01,905 - org.mybatis.generator.internal.db.DatabaseIntrospector -221  [main] DEBUG org.mybatis.generator.internal.db.DatabaseIntrospector  - Found column "var1", data type 12, in table "xiakehou..xkh_activity_user"
[framework] 2016-08-26 14:18:01,906 - org.mybatis.generator.internal.db.DatabaseIntrospector -222  [main] DEBUG org.mybatis.generator.internal.db.DatabaseIntrospector  - Found column "var2", data type 12, in table "xiakehou..xkh_activity_user"
[framework] 2016-08-26 14:18:01,906 - org.mybatis.generator.internal.db.DatabaseIntrospector -222  [main] DEBUG org.mybatis.generator.internal.db.DatabaseIntrospector  - Found column "gmt_create", data type 93, in table "xiakehou..xkh_activity_user"
[framework] 2016-08-26 14:18:01,906 - org.mybatis.generator.internal.db.DatabaseIntrospector -222  [main] DEBUG org.mybatis.generator.internal.db.DatabaseIntrospector  - Found column "gmt_modified", data type 93, in table "xiakehou..xkh_activity_user"
[framework] 2016-08-26 14:18:01,918 - org.mybatis.generator.internal.db.DatabaseIntrospector -234  [main] DEBUG org.mybatis.generator.internal.db.DatabaseIntrospector  - Retrieving column information for table "xkh_blacklist"
[framework] 2016-08-26 14:18:01,934 - org.mybatis.generator.internal.db.DatabaseIntrospector -250  [main] DEBUG org.mybatis.generator.internal.db.DatabaseIntrospector  - Found column "id", data type -5, in table "xiakehou..xkh_blacklist"
[framework] 2016-08-26 14:18:01,934 - org.mybatis.generator.internal.db.DatabaseIntrospector -250  [main] DEBUG org.mybatis.generator.internal.db.DatabaseIntrospector  - Found column "user_id", data type -5, in table "xiakehou..xkh_blacklist"
[framework] 2016-08-26 14:18:01,934 - org.mybatis.generator.internal.db.DatabaseIntrospector -250  [main] DEBUG org.mybatis.generator.internal.db.DatabaseIntrospector  - Found column "alipay_user_id", data type 12, in table "xiakehou..xkh_blacklist"
[framework] 2016-08-26 14:18:01,934 - org.mybatis.generator.internal.db.DatabaseIntrospector -250  [main] DEBUG org.mybatis.generator.internal.db.DatabaseIntrospector  - Found column "user_name", data type 12, in table "xiakehou..xkh_blacklist"
[framework] 2016-08-26 14:18:01,935 - org.mybatis.generator.internal.db.DatabaseIntrospector -251  [main] DEBUG org.mybatis.generator.internal.db.DatabaseIntrospector  - Found column "province_id", data type -5, in table "xiakehou..xkh_blacklist"
[framework] 2016-08-26 14:18:01,935 - org.mybatis.generator.internal.db.DatabaseIntrospector -251  [main] DEBUG org.mybatis.generator.internal.db.DatabaseIntrospector  - Found column "province", data type 12, in table "xiakehou..xkh_blacklist"
[framework] 2016-08-26 14:18:01,935 - org.mybatis.generator.internal.db.DatabaseIntrospector -251  [main] DEBUG org.mybatis.generator.internal.db.DatabaseIntrospector  - Found column "city_id", data type -5, in table "xiakehou..xkh_blacklist"
[framework] 2016-08-26 14:18:01,935 - org.mybatis.generator.internal.db.DatabaseIntrospector -251  [main] DEBUG org.mybatis.generator.internal.db.DatabaseIntrospector  - Found column "city", data type 12, in table "xiakehou..xkh_blacklist"
[framework] 2016-08-26 14:18:01,936 - org.mybatis.generator.internal.db.DatabaseIntrospector -252  [main] DEBUG org.mybatis.generator.internal.db.DatabaseIntrospector  - Found column "school_no", data type 12, in table "xiakehou..xkh_blacklist"
[framework] 2016-08-26 14:18:01,937 - org.mybatis.generator.internal.db.DatabaseIntrospector -253  [main] DEBUG org.mybatis.generator.internal.db.DatabaseIntrospector  - Found column "school_name", data type 12, in table "xiakehou..xkh_blacklist"
[framework] 2016-08-26 14:18:01,938 - org.mybatis.generator.internal.db.DatabaseIntrospector -254  [main] DEBUG org.mybatis.generator.internal.db.DatabaseIntrospector  - Found column "f_status", data type -6, in table "xiakehou..xkh_blacklist"
[framework] 2016-08-26 14:18:01,938 - org.mybatis.generator.internal.db.DatabaseIntrospector -254  [main] DEBUG org.mybatis.generator.internal.db.DatabaseIntrospector  - Found column "black_reason", data type 12, in table "xiakehou..xkh_blacklist"
[framework] 2016-08-26 14:18:01,939 - org.mybatis.generator.internal.db.DatabaseIntrospector -255  [main] DEBUG org.mybatis.generator.internal.db.DatabaseIntrospector  - Found column "lift_reason", data type 12, in table "xiakehou..xkh_blacklist"
[framework] 2016-08-26 14:18:01,947 - org.mybatis.generator.internal.db.DatabaseIntrospector -263  [main] DEBUG org.mybatis.generator.internal.db.DatabaseIntrospector  - Found column "rank", data type -6, in table "xiakehou..xkh_blacklist"
[framework] 2016-08-26 14:18:01,948 - org.mybatis.generator.internal.db.DatabaseIntrospector -264  [main] DEBUG org.mybatis.generator.internal.db.DatabaseIntrospector  - Found column "var1", data type 12, in table "xiakehou..xkh_blacklist"
[framework] 2016-08-26 14:18:01,948 - org.mybatis.generator.internal.db.DatabaseIntrospector -264  [main] DEBUG org.mybatis.generator.internal.db.DatabaseIntrospector  - Found column "var2", data type 12, in table "xiakehou..xkh_blacklist"
[framework] 2016-08-26 14:18:01,951 - org.mybatis.generator.internal.db.DatabaseIntrospector -267  [main] DEBUG org.mybatis.generator.internal.db.DatabaseIntrospector  - Found column "operator_id", data type -5, in table "xiakehou..xkh_blacklist"
[framework] 2016-08-26 14:18:01,951 - org.mybatis.generator.internal.db.DatabaseIntrospector -267  [main] DEBUG org.mybatis.generator.internal.db.DatabaseIntrospector  - Found column "operator", data type 12, in table "xiakehou..xkh_blacklist"
[framework] 2016-08-26 14:18:01,951 - org.mybatis.generator.internal.db.DatabaseIntrospector -267  [main] DEBUG org.mybatis.generator.internal.db.DatabaseIntrospector  - Found column "gmt_create", data type 93, in table "xiakehou..xkh_blacklist"
[framework] 2016-08-26 14:18:01,952 - org.mybatis.generator.internal.db.DatabaseIntrospector -268  [main] DEBUG org.mybatis.generator.internal.db.DatabaseIntrospector  - Found column "gmt_modified", data type 93, in table "xiakehou..xkh_blacklist"
[framework] 2016-08-26 14:18:01,963 - org.mybatis.generator.internal.db.DatabaseIntrospector -279  [main] DEBUG org.mybatis.generator.internal.db.DatabaseIntrospector  - Retrieving column information for table "xkh_community"
[framework] 2016-08-26 14:18:02,045 - org.mybatis.generator.internal.db.DatabaseIntrospector -361  [main] DEBUG org.mybatis.generator.internal.db.DatabaseIntrospector  - Found column "id", data type -5, in table "xiakehou..xkh_community"
[framework] 2016-08-26 14:18:02,045 - org.mybatis.generator.internal.db.DatabaseIntrospector -361  [main] DEBUG org.mybatis.generator.internal.db.DatabaseIntrospector  - Found column "user_id", data type -5, in table "xiakehou..xkh_community"
[framework] 2016-08-26 14:18:02,045 - org.mybatis.generator.internal.db.DatabaseIntrospector -361  [main] DEBUG org.mybatis.generator.internal.db.DatabaseIntrospector  - Found column "alipay_user_id", data type 12, in table "xiakehou..xkh_community"
[framework] 2016-08-26 14:18:02,045 - org.mybatis.generator.internal.db.DatabaseIntrospector -361  [main] DEBUG org.mybatis.generator.internal.db.DatabaseIntrospector  - Found column "user_name", data type 12, in table "xiakehou..xkh_community"
[framework] 2016-08-26 14:18:02,057 - org.mybatis.generator.internal.db.DatabaseIntrospector -373  [main] DEBUG org.mybatis.generator.internal.db.DatabaseIntrospector  - Found column "nick_name", data type 12, in table "xiakehou..xkh_community"
[framework] 2016-08-26 14:18:02,065 - org.mybatis.generator.internal.db.DatabaseIntrospector -381  [main] DEBUG org.mybatis.generator.internal.db.DatabaseIntrospector  - Found column "is_certification", data type -6, in table "xiakehou..xkh_community"
[framework] 2016-08-26 14:18:02,067 - org.mybatis.generator.internal.db.DatabaseIntrospector -383  [main] DEBUG org.mybatis.generator.internal.db.DatabaseIntrospector  - Found column "community_name", data type 12, in table "xiakehou..xkh_community"
[framework] 2016-08-26 14:18:02,067 - org.mybatis.generator.internal.db.DatabaseIntrospector -383  [main] DEBUG org.mybatis.generator.internal.db.DatabaseIntrospector  - Found column "community_type", data type -6, in table "xiakehou..xkh_community"
[framework] 2016-08-26 14:18:02,068 - org.mybatis.generator.internal.db.DatabaseIntrospector -384  [main] DEBUG org.mybatis.generator.internal.db.DatabaseIntrospector  - Found column "community_num", data type 4, in table "xiakehou..xkh_community"
[framework] 2016-08-26 14:18:02,068 - org.mybatis.generator.internal.db.DatabaseIntrospector -384  [main] DEBUG org.mybatis.generator.internal.db.DatabaseIntrospector  - Found column "current_num", data type 4, in table "xiakehou..xkh_community"
[framework] 2016-08-26 14:18:02,069 - org.mybatis.generator.internal.db.DatabaseIntrospector -385  [main] DEBUG org.mybatis.generator.internal.db.DatabaseIntrospector  - Found column "admin_num", data type 4, in table "xiakehou..xkh_community"
[framework] 2016-08-26 14:18:02,070 - org.mybatis.generator.internal.db.DatabaseIntrospector -386  [main] DEBUG org.mybatis.generator.internal.db.DatabaseIntrospector  - Found column "banner_url", data type 12, in table "xiakehou..xkh_community"
[framework] 2016-08-26 14:18:02,070 - org.mybatis.generator.internal.db.DatabaseIntrospector -386  [main] DEBUG org.mybatis.generator.internal.db.DatabaseIntrospector  - Found column "rank", data type -6, in table "xiakehou..xkh_community"
[framework] 2016-08-26 14:18:02,071 - org.mybatis.generator.internal.db.DatabaseIntrospector -387  [main] DEBUG org.mybatis.generator.internal.db.DatabaseIntrospector  - Found column "is_check", data type -6, in table "xiakehou..xkh_community"
[framework] 2016-08-26 14:18:02,071 - org.mybatis.generator.internal.db.DatabaseIntrospector -387  [main] DEBUG org.mybatis.generator.internal.db.DatabaseIntrospector  - Found column "check_status", data type -6, in table "xiakehou..xkh_community"
[framework] 2016-08-26 14:18:02,071 - org.mybatis.generator.internal.db.DatabaseIntrospector -387  [main] DEBUG org.mybatis.generator.internal.db.DatabaseIntrospector  - Found column "f_status", data type -6, in table "xiakehou..xkh_community"
[framework] 2016-08-26 14:18:02,072 - org.mybatis.generator.internal.db.DatabaseIntrospector -388  [main] DEBUG org.mybatis.generator.internal.db.DatabaseIntrospector  - Found column "gender", data type 12, in table "xiakehou..xkh_community"
[framework] 2016-08-26 14:18:02,072 - org.mybatis.generator.internal.db.DatabaseIntrospector -388  [main] DEBUG org.mybatis.generator.internal.db.DatabaseIntrospector  - Found column "school_no", data type 12, in table "xiakehou..xkh_community"
[framework] 2016-08-26 14:18:02,077 - org.mybatis.generator.internal.db.DatabaseIntrospector -393  [main] DEBUG org.mybatis.generator.internal.db.DatabaseIntrospector  - Found column "school_name", data type 12, in table "xiakehou..xkh_community"
[framework] 2016-08-26 14:18:02,078 - org.mybatis.generator.internal.db.DatabaseIntrospector -394  [main] DEBUG org.mybatis.generator.internal.db.DatabaseIntrospector  - Found column "school_zone", data type 12, in table "xiakehou..xkh_community"
[framework] 2016-08-26 14:18:02,078 - org.mybatis.generator.internal.db.DatabaseIntrospector -394  [main] DEBUG org.mybatis.generator.internal.db.DatabaseIntrospector  - Found column "introduction", data type 12, in table "xiakehou..xkh_community"
[framework] 2016-08-26 14:18:02,079 - org.mybatis.generator.internal.db.DatabaseIntrospector -395  [main] DEBUG org.mybatis.generator.internal.db.DatabaseIntrospector  - Found column "notice", data type 12, in table "xiakehou..xkh_community"
[framework] 2016-08-26 14:18:02,080 - org.mybatis.generator.internal.db.DatabaseIntrospector -396  [main] DEBUG org.mybatis.generator.internal.db.DatabaseIntrospector  - Found column "group_chat_id", data type 12, in table "xiakehou..xkh_community"
[framework] 2016-08-26 14:18:02,080 - org.mybatis.generator.internal.db.DatabaseIntrospector -396  [main] DEBUG org.mybatis.generator.internal.db.DatabaseIntrospector  - Found column "remark", data type 12, in table "xiakehou..xkh_community"
[framework] 2016-08-26 14:18:02,083 - org.mybatis.generator.internal.db.DatabaseIntrospector -399  [main] DEBUG org.mybatis.generator.internal.db.DatabaseIntrospector  - Found column "var1", data type 12, in table "xiakehou..xkh_community"
[framework] 2016-08-26 14:18:02,086 - org.mybatis.generator.internal.db.DatabaseIntrospector -402  [main] DEBUG org.mybatis.generator.internal.db.DatabaseIntrospector  - Found column "var2", data type 12, in table "xiakehou..xkh_community"
[framework] 2016-08-26 14:18:02,089 - org.mybatis.generator.internal.db.DatabaseIntrospector -405  [main] DEBUG org.mybatis.generator.internal.db.DatabaseIntrospector  - Found column "operator_id", data type -5, in table "xiakehou..xkh_community"
[framework] 2016-08-26 14:18:02,090 - org.mybatis.generator.internal.db.DatabaseIntrospector -406  [main] DEBUG org.mybatis.generator.internal.db.DatabaseIntrospector  - Found column "operator", data type 12, in table "xiakehou..xkh_community"
[framework] 2016-08-26 14:18:02,090 - org.mybatis.generator.internal.db.DatabaseIntrospector -406  [main] DEBUG org.mybatis.generator.internal.db.DatabaseIntrospector  - Found column "gmt_create", data type 93, in table "xiakehou..xkh_community"
[framework] 2016-08-26 14:18:02,090 - org.mybatis.generator.internal.db.DatabaseIntrospector -406  [main] DEBUG org.mybatis.generator.internal.db.DatabaseIntrospector  - Found column "gmt_modified", data type 93, in table "xiakehou..xkh_community"
[framework] 2016-08-26 14:18:02,101 - org.mybatis.generator.internal.db.DatabaseIntrospector -417  [main] DEBUG org.mybatis.generator.internal.db.DatabaseIntrospector  - Retrieving column information for table "xkh_community_user"
[framework] 2016-08-26 14:18:02,120 - org.mybatis.generator.internal.db.DatabaseIntrospector -436  [main] DEBUG org.mybatis.generator.internal.db.DatabaseIntrospector  - Found column "id", data type -5, in table "xiakehou..xkh_community_user"
[framework] 2016-08-26 14:18:02,121 - org.mybatis.generator.internal.db.DatabaseIntrospector -437  [main] DEBUG org.mybatis.generator.internal.db.DatabaseIntrospector  - Found column "community_id", data type -5, in table "xiakehou..xkh_community_user"
[framework] 2016-08-26 14:18:02,121 - org.mybatis.generator.internal.db.DatabaseIntrospector -437  [main] DEBUG org.mybatis.generator.internal.db.DatabaseIntrospector  - Found column "user_id", data type -5, in table "xiakehou..xkh_community_user"
[framework] 2016-08-26 14:18:02,122 - org.mybatis.generator.internal.db.DatabaseIntrospector -438  [main] DEBUG org.mybatis.generator.internal.db.DatabaseIntrospector  - Found column "alipay_user_id", data type 12, in table "xiakehou..xkh_community_user"
[framework] 2016-08-26 14:18:02,122 - org.mybatis.generator.internal.db.DatabaseIntrospector -438  [main] DEBUG org.mybatis.generator.internal.db.DatabaseIntrospector  - Found column "user_name", data type 12, in table "xiakehou..xkh_community_user"
[framework] 2016-08-26 14:18:02,122 - org.mybatis.generator.internal.db.DatabaseIntrospector -438  [main] DEBUG org.mybatis.generator.internal.db.DatabaseIntrospector  - Found column "nick_name", data type 12, in table "xiakehou..xkh_community_user"
[framework] 2016-08-26 14:18:02,122 - org.mybatis.generator.internal.db.DatabaseIntrospector -438  [main] DEBUG org.mybatis.generator.internal.db.DatabaseIntrospector  - Found column "user_portrait", data type 12, in table "xiakehou..xkh_community_user"
[framework] 2016-08-26 14:18:02,122 - org.mybatis.generator.internal.db.DatabaseIntrospector -438  [main] DEBUG org.mybatis.generator.internal.db.DatabaseIntrospector  - Found column "school_no", data type 12, in table "xiakehou..xkh_community_user"
[framework] 2016-08-26 14:18:02,123 - org.mybatis.generator.internal.db.DatabaseIntrospector -439  [main] DEBUG org.mybatis.generator.internal.db.DatabaseIntrospector  - Found column "school_name", data type 12, in table "xiakehou..xkh_community_user"
[framework] 2016-08-26 14:18:02,123 - org.mybatis.generator.internal.db.DatabaseIntrospector -439  [main] DEBUG org.mybatis.generator.internal.db.DatabaseIntrospector  - Found column "gender", data type 12, in table "xiakehou..xkh_community_user"
[framework] 2016-08-26 14:18:02,123 - org.mybatis.generator.internal.db.DatabaseIntrospector -439  [main] DEBUG org.mybatis.generator.internal.db.DatabaseIntrospector  - Found column "role_type", data type -6, in table "xiakehou..xkh_community_user"
[framework] 2016-08-26 14:18:02,123 - org.mybatis.generator.internal.db.DatabaseIntrospector -439  [main] DEBUG org.mybatis.generator.internal.db.DatabaseIntrospector  - Found column "f_status", data type -6, in table "xiakehou..xkh_community_user"
[framework] 2016-08-26 14:18:02,123 - org.mybatis.generator.internal.db.DatabaseIntrospector -439  [main] DEBUG org.mybatis.generator.internal.db.DatabaseIntrospector  - Found column "is_join_group_chat", data type -6, in table "xiakehou..xkh_community_user"
[framework] 2016-08-26 14:18:02,124 - org.mybatis.generator.internal.db.DatabaseIntrospector -440  [main] DEBUG org.mybatis.generator.internal.db.DatabaseIntrospector  - Found column "join_content", data type 12, in table "xiakehou..xkh_community_user"
[framework] 2016-08-26 14:18:02,130 - org.mybatis.generator.internal.db.DatabaseIntrospector -446  [main] DEBUG org.mybatis.generator.internal.db.DatabaseIntrospector  - Found column "reject_content", data type 12, in table "xiakehou..xkh_community_user"
[framework] 2016-08-26 14:18:02,130 - org.mybatis.generator.internal.db.DatabaseIntrospector -446  [main] DEBUG org.mybatis.generator.internal.db.DatabaseIntrospector  - Found column "var1", data type 12, in table "xiakehou..xkh_community_user"
[framework] 2016-08-26 14:18:02,131 - org.mybatis.generator.internal.db.DatabaseIntrospector -447  [main] DEBUG org.mybatis.generator.internal.db.DatabaseIntrospector  - Found column "var2", data type 12, in table "xiakehou..xkh_community_user"
[framework] 2016-08-26 14:18:02,131 - org.mybatis.generator.internal.db.DatabaseIntrospector -447  [main] DEBUG org.mybatis.generator.internal.db.DatabaseIntrospector  - Found column "gmt_create", data type 93, in table "xiakehou..xkh_community_user"
[framework] 2016-08-26 14:18:02,131 - org.mybatis.generator.internal.db.DatabaseIntrospector -447  [main] DEBUG org.mybatis.generator.internal.db.DatabaseIntrospector  - Found column "gmt_modified", data type 93, in table "xiakehou..xkh_community_user"
[framework] 2016-08-26 14:18:02,135 - org.mybatis.generator.internal.db.DatabaseIntrospector -451  [main] DEBUG org.mybatis.generator.internal.db.DatabaseIntrospector  - Retrieving column information for table "xkh_like_record"
[framework] 2016-08-26 14:18:02,221 - org.mybatis.generator.internal.db.DatabaseIntrospector -537  [main] DEBUG org.mybatis.generator.internal.db.DatabaseIntrospector  - Found column "id", data type -5, in table "xiakehou..xkh_like_record"
[framework] 2016-08-26 14:18:02,221 - org.mybatis.generator.internal.db.DatabaseIntrospector -537  [main] DEBUG org.mybatis.generator.internal.db.DatabaseIntrospector  - Found column "user_id", data type -5, in table "xiakehou..xkh_like_record"
[framework] 2016-08-26 14:18:02,221 - org.mybatis.generator.internal.db.DatabaseIntrospector -537  [main] DEBUG org.mybatis.generator.internal.db.DatabaseIntrospector  - Found column "alipay_user_id", data type 12, in table "xiakehou..xkh_like_record"
[framework] 2016-08-26 14:18:02,222 - org.mybatis.generator.internal.db.DatabaseIntrospector -538  [main] DEBUG org.mybatis.generator.internal.db.DatabaseIntrospector  - Found column "activity_id", data type -5, in table "xiakehou..xkh_like_record"
[framework] 2016-08-26 14:18:02,223 - org.mybatis.generator.internal.db.DatabaseIntrospector -539  [main] DEBUG org.mybatis.generator.internal.db.DatabaseIntrospector  - Found column "community_id", data type -5, in table "xiakehou..xkh_like_record"
[framework] 2016-08-26 14:18:02,223 - org.mybatis.generator.internal.db.DatabaseIntrospector -539  [main] DEBUG org.mybatis.generator.internal.db.DatabaseIntrospector  - Found column "f_type", data type -6, in table "xiakehou..xkh_like_record"
[framework] 2016-08-26 14:18:02,223 - org.mybatis.generator.internal.db.DatabaseIntrospector -539  [main] DEBUG org.mybatis.generator.internal.db.DatabaseIntrospector  - Found column "f_status", data type -6, in table "xiakehou..xkh_like_record"
[framework] 2016-08-26 14:18:02,224 - org.mybatis.generator.internal.db.DatabaseIntrospector -540  [main] DEBUG org.mybatis.generator.internal.db.DatabaseIntrospector  - Found column "var1", data type 12, in table "xiakehou..xkh_like_record"
[framework] 2016-08-26 14:18:02,224 - org.mybatis.generator.internal.db.DatabaseIntrospector -540  [main] DEBUG org.mybatis.generator.internal.db.DatabaseIntrospector  - Found column "var2", data type 12, in table "xiakehou..xkh_like_record"
[framework] 2016-08-26 14:18:02,224 - org.mybatis.generator.internal.db.DatabaseIntrospector -540  [main] DEBUG org.mybatis.generator.internal.db.DatabaseIntrospector  - Found column "gmt_create", data type 93, in table "xiakehou..xkh_like_record"
[framework] 2016-08-26 14:18:02,224 - org.mybatis.generator.internal.db.DatabaseIntrospector -540  [main] DEBUG org.mybatis.generator.internal.db.DatabaseIntrospector  - Found column "gmt_modified", data type 93, in table "xiakehou..xkh_like_record"
[framework] 2016-08-26 14:18:02,226 - org.mybatis.generator.internal.db.DatabaseIntrospector -542  [main] DEBUG org.mybatis.generator.internal.db.DatabaseIntrospector  - Retrieving column information for table "xkh_message"
[framework] 2016-08-26 14:18:02,238 - org.mybatis.generator.internal.db.DatabaseIntrospector -554  [main] DEBUG org.mybatis.generator.internal.db.DatabaseIntrospector  - Found column "id", data type -5, in table "xiakehou..xkh_message"
[framework] 2016-08-26 14:18:02,238 - org.mybatis.generator.internal.db.DatabaseIntrospector -554  [main] DEBUG org.mybatis.generator.internal.db.DatabaseIntrospector  - Found column "user_id", data type -5, in table "xiakehou..xkh_message"
[framework] 2016-08-26 14:18:02,239 - org.mybatis.generator.internal.db.DatabaseIntrospector -555  [main] DEBUG org.mybatis.generator.internal.db.DatabaseIntrospector  - Found column "alipay_user_id", data type 12, in table "xiakehou..xkh_message"
[framework] 2016-08-26 14:18:02,239 - org.mybatis.generator.internal.db.DatabaseIntrospector -555  [main] DEBUG org.mybatis.generator.internal.db.DatabaseIntrospector  - Found column "act_com_id", data type -5, in table "xiakehou..xkh_message"
[framework] 2016-08-26 14:18:02,239 - org.mybatis.generator.internal.db.DatabaseIntrospector -555  [main] DEBUG org.mybatis.generator.internal.db.DatabaseIntrospector  - Found column "receiver_id", data type -5, in table "xiakehou..xkh_message"
[framework] 2016-08-26 14:18:02,239 - org.mybatis.generator.internal.db.DatabaseIntrospector -555  [main] DEBUG org.mybatis.generator.internal.db.DatabaseIntrospector  - Found column "title", data type 12, in table "xiakehou..xkh_message"
[framework] 2016-08-26 14:18:02,240 - org.mybatis.generator.internal.db.DatabaseIntrospector -556  [main] DEBUG org.mybatis.generator.internal.db.DatabaseIntrospector  - Found column "content", data type 12, in table "xiakehou..xkh_message"
[framework] 2016-08-26 14:18:02,240 - org.mybatis.generator.internal.db.DatabaseIntrospector -556  [main] DEBUG org.mybatis.generator.internal.db.DatabaseIntrospector  - Found column "url", data type 12, in table "xiakehou..xkh_message"
[framework] 2016-08-26 14:18:02,240 - org.mybatis.generator.internal.db.DatabaseIntrospector -556  [main] DEBUG org.mybatis.generator.internal.db.DatabaseIntrospector  - Found column "f_type", data type -6, in table "xiakehou..xkh_message"
[framework] 2016-08-26 14:18:02,240 - org.mybatis.generator.internal.db.DatabaseIntrospector -556  [main] DEBUG org.mybatis.generator.internal.db.DatabaseIntrospector  - Found column "f_status", data type -6, in table "xiakehou..xkh_message"
[framework] 2016-08-26 14:18:02,241 - org.mybatis.generator.internal.db.DatabaseIntrospector -557  [main] DEBUG org.mybatis.generator.internal.db.DatabaseIntrospector  - Found column "var1", data type 12, in table "xiakehou..xkh_message"
[framework] 2016-08-26 14:18:02,241 - org.mybatis.generator.internal.db.DatabaseIntrospector -557  [main] DEBUG org.mybatis.generator.internal.db.DatabaseIntrospector  - Found column "var2", data type 12, in table "xiakehou..xkh_message"
[framework] 2016-08-26 14:18:02,241 - org.mybatis.generator.internal.db.DatabaseIntrospector -557  [main] DEBUG org.mybatis.generator.internal.db.DatabaseIntrospector  - Found column "gmt_create", data type 93, in table "xiakehou..xkh_message"
[framework] 2016-08-26 14:18:02,241 - org.mybatis.generator.internal.db.DatabaseIntrospector -557  [main] DEBUG org.mybatis.generator.internal.db.DatabaseIntrospector  - Found column "gmt_modified", data type 93, in table "xiakehou..xkh_message"
[framework] 2016-08-26 14:18:02,243 - org.mybatis.generator.internal.db.DatabaseIntrospector -559  [main] DEBUG org.mybatis.generator.internal.db.DatabaseIntrospector  - Retrieving column information for table "xkh_type"
[framework] 2016-08-26 14:18:02,251 - org.mybatis.generator.internal.db.DatabaseIntrospector -567  [main] DEBUG org.mybatis.generator.internal.db.DatabaseIntrospector  - Found column "id", data type -5, in table "xiakehou..xkh_type"
[framework] 2016-08-26 14:18:02,252 - org.mybatis.generator.internal.db.DatabaseIntrospector -568  [main] DEBUG org.mybatis.generator.internal.db.DatabaseIntrospector  - Found column "type_name", data type 12, in table "xiakehou..xkh_type"
[framework] 2016-08-26 14:18:02,252 - org.mybatis.generator.internal.db.DatabaseIntrospector -568  [main] DEBUG org.mybatis.generator.internal.db.DatabaseIntrospector  - Found column "f_status", data type -6, in table "xiakehou..xkh_type"
[framework] 2016-08-26 14:18:02,252 - org.mybatis.generator.internal.db.DatabaseIntrospector -568  [main] DEBUG org.mybatis.generator.internal.db.DatabaseIntrospector  - Found column "f_type", data type -6, in table "xiakehou..xkh_type"
[framework] 2016-08-26 14:18:02,252 - org.mybatis.generator.internal.db.DatabaseIntrospector -568  [main] DEBUG org.mybatis.generator.internal.db.DatabaseIntrospector  - Found column "system_pic1", data type 12, in table "xiakehou..xkh_type"
[framework] 2016-08-26 14:18:02,252 - org.mybatis.generator.internal.db.DatabaseIntrospector -568  [main] DEBUG org.mybatis.generator.internal.db.DatabaseIntrospector  - Found column "system_pic2", data type 12, in table "xiakehou..xkh_type"
[framework] 2016-08-26 14:18:02,253 - org.mybatis.generator.internal.db.DatabaseIntrospector -569  [main] DEBUG org.mybatis.generator.internal.db.DatabaseIntrospector  - Found column "system_pic3", data type 12, in table "xiakehou..xkh_type"
[framework] 2016-08-26 14:18:02,253 - org.mybatis.generator.internal.db.DatabaseIntrospector -569  [main] DEBUG org.mybatis.generator.internal.db.DatabaseIntrospector  - Found column "system_pic4", data type 12, in table "xiakehou..xkh_type"
[framework] 2016-08-26 14:18:02,253 - org.mybatis.generator.internal.db.DatabaseIntrospector -569  [main] DEBUG org.mybatis.generator.internal.db.DatabaseIntrospector  - Found column "system_pic5", data type 12, in table "xiakehou..xkh_type"
[framework] 2016-08-26 14:18:02,253 - org.mybatis.generator.internal.db.DatabaseIntrospector -569  [main] DEBUG org.mybatis.generator.internal.db.DatabaseIntrospector  - Found column "system_pic6", data type 12, in table "xiakehou..xkh_type"
[framework] 2016-08-26 14:18:02,253 - org.mybatis.generator.internal.db.DatabaseIntrospector -569  [main] DEBUG org.mybatis.generator.internal.db.DatabaseIntrospector  - Found column "system_pic7", data type 12, in table "xiakehou..xkh_type"
[framework] 2016-08-26 14:18:02,254 - org.mybatis.generator.internal.db.DatabaseIntrospector -570  [main] DEBUG org.mybatis.generator.internal.db.DatabaseIntrospector  - Found column "system_pic8", data type 12, in table "xiakehou..xkh_type"
[framework] 2016-08-26 14:18:02,254 - org.mybatis.generator.internal.db.DatabaseIntrospector -570  [main] DEBUG org.mybatis.generator.internal.db.DatabaseIntrospector  - Found column "system_pic9", data type 12, in table "xiakehou..xkh_type"
[framework] 2016-08-26 14:18:02,254 - org.mybatis.generator.internal.db.DatabaseIntrospector -570  [main] DEBUG org.mybatis.generator.internal.db.DatabaseIntrospector  - Found column "system_pic10", data type 12, in table "xiakehou..xkh_type"
[framework] 2016-08-26 14:18:02,254 - org.mybatis.generator.internal.db.DatabaseIntrospector -570  [main] DEBUG org.mybatis.generator.internal.db.DatabaseIntrospector  - Found column "var1", data type 12, in table "xiakehou..xkh_type"
[framework] 2016-08-26 14:18:02,254 - org.mybatis.generator.internal.db.DatabaseIntrospector -570  [main] DEBUG org.mybatis.generator.internal.db.DatabaseIntrospector  - Found column "var2", data type 12, in table "xiakehou..xkh_type"
[framework] 2016-08-26 14:18:02,255 - org.mybatis.generator.internal.db.DatabaseIntrospector -571  [main] DEBUG org.mybatis.generator.internal.db.DatabaseIntrospector  - Found column "operator_id", data type -5, in table "xiakehou..xkh_type"
[framework] 2016-08-26 14:18:02,255 - org.mybatis.generator.internal.db.DatabaseIntrospector -571  [main] DEBUG org.mybatis.generator.internal.db.DatabaseIntrospector  - Found column "operator", data type 12, in table "xiakehou..xkh_type"
[framework] 2016-08-26 14:18:02,255 - org.mybatis.generator.internal.db.DatabaseIntrospector -571  [main] DEBUG org.mybatis.generator.internal.db.DatabaseIntrospector  - Found column "gmt_create", data type 93, in table "xiakehou..xkh_type"
[framework] 2016-08-26 14:18:02,255 - org.mybatis.generator.internal.db.DatabaseIntrospector -571  [main] DEBUG org.mybatis.generator.internal.db.DatabaseIntrospector  - Found column "gmt_modified", data type 93, in table "xiakehou..xkh_type"
[framework] 2016-08-26 14:18:02,286 - org.mybatis.generator.internal.db.DatabaseIntrospector -602  [main] DEBUG org.mybatis.generator.internal.db.DatabaseIntrospector  - Retrieving column information for table "xkh_user"
[framework] 2016-08-26 14:18:02,333 - org.mybatis.generator.internal.db.DatabaseIntrospector -649  [main] DEBUG org.mybatis.generator.internal.db.DatabaseIntrospector  - Found column "id", data type -5, in table "xiakehou..xkh_user"
[framework] 2016-08-26 14:18:02,334 - org.mybatis.generator.internal.db.DatabaseIntrospector -650  [main] DEBUG org.mybatis.generator.internal.db.DatabaseIntrospector  - Found column "alipay_user_id", data type 12, in table "xiakehou..xkh_user"
[framework] 2016-08-26 14:18:02,338 - org.mybatis.generator.internal.db.DatabaseIntrospector -654  [main] DEBUG org.mybatis.generator.internal.db.DatabaseIntrospector  - Found column "alipay_user_uid", data type 12, in table "xiakehou..xkh_user"
[framework] 2016-08-26 14:18:02,340 - org.mybatis.generator.internal.db.DatabaseIntrospector -656  [main] DEBUG org.mybatis.generator.internal.db.DatabaseIntrospector  - Found column "user_name", data type 12, in table "xiakehou..xkh_user"
[framework] 2016-08-26 14:18:02,341 - org.mybatis.generator.internal.db.DatabaseIntrospector -657  [main] DEBUG org.mybatis.generator.internal.db.DatabaseIntrospector  - Found column "nick_name", data type 12, in table "xiakehou..xkh_user"
[framework] 2016-08-26 14:18:02,341 - org.mybatis.generator.internal.db.DatabaseIntrospector -657  [main] DEBUG org.mybatis.generator.internal.db.DatabaseIntrospector  - Found column "family_name", data type 12, in table "xiakehou..xkh_user"
[framework] 2016-08-26 14:18:02,342 - org.mybatis.generator.internal.db.DatabaseIntrospector -658  [main] DEBUG org.mybatis.generator.internal.db.DatabaseIntrospector  - Found column "user_type", data type 12, in table "xiakehou..xkh_user"
[framework] 2016-08-26 14:18:02,342 - org.mybatis.generator.internal.db.DatabaseIntrospector -658  [main] DEBUG org.mybatis.generator.internal.db.DatabaseIntrospector  - Found column "user_status", data type 12, in table "xiakehou..xkh_user"
[framework] 2016-08-26 14:18:02,342 - org.mybatis.generator.internal.db.DatabaseIntrospector -658  [main] DEBUG org.mybatis.generator.internal.db.DatabaseIntrospector  - Found column "is_certified", data type 12, in table "xiakehou..xkh_user"
[framework] 2016-08-26 14:18:02,343 - org.mybatis.generator.internal.db.DatabaseIntrospector -659  [main] DEBUG org.mybatis.generator.internal.db.DatabaseIntrospector  - Found column "is_student_certified", data type 12, in table "xiakehou..xkh_user"
[framework] 2016-08-26 14:18:02,343 - org.mybatis.generator.internal.db.DatabaseIntrospector -659  [main] DEBUG org.mybatis.generator.internal.db.DatabaseIntrospector  - Found column "phone", data type 12, in table "xiakehou..xkh_user"
[framework] 2016-08-26 14:18:02,343 - org.mybatis.generator.internal.db.DatabaseIntrospector -659  [main] DEBUG org.mybatis.generator.internal.db.DatabaseIntrospector  - Found column "mobile", data type 12, in table "xiakehou..xkh_user"
[framework] 2016-08-26 14:18:02,343 - org.mybatis.generator.internal.db.DatabaseIntrospector -659  [main] DEBUG org.mybatis.generator.internal.db.DatabaseIntrospector  - Found column "email", data type 12, in table "xiakehou..xkh_user"
[framework] 2016-08-26 14:18:02,344 - org.mybatis.generator.internal.db.DatabaseIntrospector -660  [main] DEBUG org.mybatis.generator.internal.db.DatabaseIntrospector  - Found column "cert_no", data type 12, in table "xiakehou..xkh_user"
[framework] 2016-08-26 14:18:02,344 - org.mybatis.generator.internal.db.DatabaseIntrospector -660  [main] DEBUG org.mybatis.generator.internal.db.DatabaseIntrospector  - Found column "top6_cert_no", data type 12, in table "xiakehou..xkh_user"
[framework] 2016-08-26 14:18:02,367 - org.mybatis.generator.internal.db.DatabaseIntrospector -683  [main] DEBUG org.mybatis.generator.internal.db.DatabaseIntrospector  - Found column "birthday", data type 12, in table "xiakehou..xkh_user"
[framework] 2016-08-26 14:18:02,367 - org.mybatis.generator.internal.db.DatabaseIntrospector -683  [main] DEBUG org.mybatis.generator.internal.db.DatabaseIntrospector  - Found column "reduced_birthday", data type 12, in table "xiakehou..xkh_user"
[framework] 2016-08-26 14:18:02,367 - org.mybatis.generator.internal.db.DatabaseIntrospector -683  [main] DEBUG org.mybatis.generator.internal.db.DatabaseIntrospector  - Found column "gender", data type 12, in table "xiakehou..xkh_user"
[framework] 2016-08-26 14:18:02,367 - org.mybatis.generator.internal.db.DatabaseIntrospector -683  [main] DEBUG org.mybatis.generator.internal.db.DatabaseIntrospector  - Found column "is_balance_frozen", data type 12, in table "xiakehou..xkh_user"
[framework] 2016-08-26 14:18:02,368 - org.mybatis.generator.internal.db.DatabaseIntrospector -684  [main] DEBUG org.mybatis.generator.internal.db.DatabaseIntrospector  - Found column "f_status", data type -6, in table "xiakehou..xkh_user"
[framework] 2016-08-26 14:18:02,368 - org.mybatis.generator.internal.db.DatabaseIntrospector -684  [main] DEBUG org.mybatis.generator.internal.db.DatabaseIntrospector  - Found column "zhima_credit", data type 4, in table "xiakehou..xkh_user"
[framework] 2016-08-26 14:18:02,368 - org.mybatis.generator.internal.db.DatabaseIntrospector -684  [main] DEBUG org.mybatis.generator.internal.db.DatabaseIntrospector  - Found column "user_portrait", data type 12, in table "xiakehou..xkh_user"
[framework] 2016-08-26 14:18:02,368 - org.mybatis.generator.internal.db.DatabaseIntrospector -684  [main] DEBUG org.mybatis.generator.internal.db.DatabaseIntrospector  - Found column "province", data type 12, in table "xiakehou..xkh_user"
[framework] 2016-08-26 14:18:02,369 - org.mybatis.generator.internal.db.DatabaseIntrospector -685  [main] DEBUG org.mybatis.generator.internal.db.DatabaseIntrospector  - Found column "city", data type 12, in table "xiakehou..xkh_user"
[framework] 2016-08-26 14:18:02,369 - org.mybatis.generator.internal.db.DatabaseIntrospector -685  [main] DEBUG org.mybatis.generator.internal.db.DatabaseIntrospector  - Found column "area", data type 12, in table "xiakehou..xkh_user"
[framework] 2016-08-26 14:18:02,369 - org.mybatis.generator.internal.db.DatabaseIntrospector -685  [main] DEBUG org.mybatis.generator.internal.db.DatabaseIntrospector  - Found column "biz_type", data type 12, in table "xiakehou..xkh_user"
[framework] 2016-08-26 14:18:02,370 - org.mybatis.generator.internal.db.DatabaseIntrospector -686  [main] DEBUG org.mybatis.generator.internal.db.DatabaseIntrospector  - Found column "city_no", data type 12, in table "xiakehou..xkh_user"
[framework] 2016-08-26 14:18:02,370 - org.mybatis.generator.internal.db.DatabaseIntrospector -686  [main] DEBUG org.mybatis.generator.internal.db.DatabaseIntrospector  - Found column "school_no", data type 12, in table "xiakehou..xkh_user"
[framework] 2016-08-26 14:18:02,370 - org.mybatis.generator.internal.db.DatabaseIntrospector -686  [main] DEBUG org.mybatis.generator.internal.db.DatabaseIntrospector  - Found column "school_name", data type 12, in table "xiakehou..xkh_user"
[framework] 2016-08-26 14:18:02,370 - org.mybatis.generator.internal.db.DatabaseIntrospector -686  [main] DEBUG org.mybatis.generator.internal.db.DatabaseIntrospector  - Found column "degree", data type 12, in table "xiakehou..xkh_user"
[framework] 2016-08-26 14:18:02,371 - org.mybatis.generator.internal.db.DatabaseIntrospector -687  [main] DEBUG org.mybatis.generator.internal.db.DatabaseIntrospector  - Found column "departments", data type 12, in table "xiakehou..xkh_user"
[framework] 2016-08-26 14:18:02,371 - org.mybatis.generator.internal.db.DatabaseIntrospector -687  [main] DEBUG org.mybatis.generator.internal.db.DatabaseIntrospector  - Found column "class_name", data type 12, in table "xiakehou..xkh_user"
[framework] 2016-08-26 14:18:02,371 - org.mybatis.generator.internal.db.DatabaseIntrospector -687  [main] DEBUG org.mybatis.generator.internal.db.DatabaseIntrospector  - Found column "major", data type 12, in table "xiakehou..xkh_user"
[framework] 2016-08-26 14:18:02,372 - org.mybatis.generator.internal.db.DatabaseIntrospector -688  [main] DEBUG org.mybatis.generator.internal.db.DatabaseIntrospector  - Found column "student_no", data type 12, in table "xiakehou..xkh_user"
[framework] 2016-08-26 14:18:02,372 - org.mybatis.generator.internal.db.DatabaseIntrospector -688  [main] DEBUG org.mybatis.generator.internal.db.DatabaseIntrospector  - Found column "gmt_graduation", data type 12, in table "xiakehou..xkh_user"
[framework] 2016-08-26 14:18:02,372 - org.mybatis.generator.internal.db.DatabaseIntrospector -688  [main] DEBUG org.mybatis.generator.internal.db.DatabaseIntrospector  - Found column "gmt_enrollment", data type 12, in table "xiakehou..xkh_user"
[framework] 2016-08-26 14:18:02,373 - org.mybatis.generator.internal.db.DatabaseIntrospector -689  [main] DEBUG org.mybatis.generator.internal.db.DatabaseIntrospector  - Found column "rank", data type -6, in table "xiakehou..xkh_user"
[framework] 2016-08-26 14:18:02,373 - org.mybatis.generator.internal.db.DatabaseIntrospector -689  [main] DEBUG org.mybatis.generator.internal.db.DatabaseIntrospector  - Found column "remark", data type 12, in table "xiakehou..xkh_user"
[framework] 2016-08-26 14:18:02,373 - org.mybatis.generator.internal.db.DatabaseIntrospector -689  [main] DEBUG org.mybatis.generator.internal.db.DatabaseIntrospector  - Found column "var1", data type 12, in table "xiakehou..xkh_user"
[framework] 2016-08-26 14:18:02,373 - org.mybatis.generator.internal.db.DatabaseIntrospector -689  [main] DEBUG org.mybatis.generator.internal.db.DatabaseIntrospector  - Found column "var2", data type 12, in table "xiakehou..xkh_user"
[framework] 2016-08-26 14:18:02,374 - org.mybatis.generator.internal.db.DatabaseIntrospector -690  [main] DEBUG org.mybatis.generator.internal.db.DatabaseIntrospector  - Found column "operator_id", data type -5, in table "xiakehou..xkh_user"
[framework] 2016-08-26 14:18:02,374 - org.mybatis.generator.internal.db.DatabaseIntrospector -690  [main] DEBUG org.mybatis.generator.internal.db.DatabaseIntrospector  - Found column "operator", data type 12, in table "xiakehou..xkh_user"
[framework] 2016-08-26 14:18:02,374 - org.mybatis.generator.internal.db.DatabaseIntrospector -690  [main] DEBUG org.mybatis.generator.internal.db.DatabaseIntrospector  - Found column "gmt_create", data type 93, in table "xiakehou..xkh_user"
[framework] 2016-08-26 14:18:02,374 - org.mybatis.generator.internal.db.DatabaseIntrospector -690  [main] DEBUG org.mybatis.generator.internal.db.DatabaseIntrospector  - Found column "gmt_modified", data type 93, in table "xiakehou..xkh_user"
